2019-11-14 14:41:07 6572 [Note] Plugin 'FEDERATED' is disabled.
2019-11-14 14:41:07 6572 [Note] InnoDB: The InnoDB memory heap is disabled
2019-11-14 14:41:07 6572 [Note] InnoDB: Mutexes and rw_locks use Windows interlocked functions
2019-11-14 14:41:07 6572 [Note] InnoDB: Compressed tables use zlib 1.2.3
2019-11-14 14:41:07 6572 [Note] InnoDB: Not using CPU crc32 instructions
2019-11-14 14:41:07 6572 [Note] InnoDB: Initializing buffer pool, size = 128.0M
2019-11-14 14:41:07 6572 [Note] InnoDB: Completed initialization of buffer pool
2019-11-14 14:41:07 6572 [Note] InnoDB: Highest supported file format is Barracuda.
2019-11-14 14:41:07 6572 [Note] InnoDB: The log sequence numbers 1626134 and 1626134 in ibdata files do not match the log sequence number 1948285 in the ib_logfiles!
2019-11-14 14:41:07 6572 [Note] InnoDB: Database was not shutdown normally!
2019-11-14 14:41:07 6572 [Note] InnoDB: Starting crash recovery.
2019-11-14 14:41:07 6572 [Note] InnoDB: Reading tablespace information from the .ibd files...
2019-11-14 14:41:07 6572 [Note] InnoDB: Restoring possible half-written data pages 
2019-11-14 14:41:07 6572 [Note] InnoDB: from the doublewrite buffer...
2019-11-14 14:41:08 6572 [Note] InnoDB: 128 rollback segment(s) are active.
2019-11-14 14:41:08 6572 [Note] InnoDB: Waiting for purge to start
2019-11-14 14:41:08 6572 [Note] InnoDB: 5.6.13 started; log sequence number 1948285
2019-11-14 14:41:08 6572 [Note] Server hostname (bind-address): '*'; port: 3307
2019-11-14 14:41:08 6572 [Note] IPv6 is available.
2019-11-14 14:41:08 6572 [Note]   - '::' resolves to '::';
2019-11-14 14:41:08 6572 [Note] Server socket created on IP: '::'.
2019-11-18 12:38:23 4888 [Note] Plugin 'FEDERATED' is disabled.
2019-11-18 12:38:23 4888 [Note] InnoDB: The InnoDB memory heap is disabled
2019-11-18 12:38:23 4888 [Note] InnoDB: Mutexes and rw_locks use Windows interlocked functions
2019-11-18 12:38:23 4888 [Note] InnoDB: Compressed tables use zlib 1.2.3
2019-11-18 12:38:23 4888 [Note] InnoDB: Not using CPU crc32 instructions
2019-11-18 12:38:23 4888 [Note] InnoDB: Initializing buffer pool, size = 128.0M
2019-11-18 12:38:23 4888 [Note] InnoDB: Completed initialization of buffer pool
2019-11-18 12:38:24 4888 [Note] InnoDB: Highest supported file format is Barracuda.
2019-11-18 12:38:24 4888 [Note] InnoDB: The log sequence numbers 1626134 and 1626134 in ibdata files do not match the log sequence number 1948295 in the ib_logfiles!
2019-11-18 12:38:24 4888 [Note] InnoDB: Database was not shutdown normally!
2019-11-18 12:38:24 4888 [Note] InnoDB: Starting crash recovery.
2019-11-18 12:38:24 4888 [Note] InnoDB: Reading tablespace information from the .ibd files...
2019-11-18 12:38:24 4888 [Note] InnoDB: Restoring possible half-written data pages 
2019-11-18 12:38:24 4888 [Note] InnoDB: from the doublewrite buffer...
2019-11-18 12:38:24 4888 [Note] InnoDB: 128 rollback segment(s) are active.
2019-11-18 12:38:24 4888 [Note] InnoDB: Waiting for purge to start
2019-11-18 12:38:24 4888 [Note] InnoDB: 5.6.13 started; log sequence number 1948295
2019-11-18 12:38:24 4888 [Note] Server hostname (bind-address): '*'; port: 3307
2019-11-18 12:38:24 4888 [Note] IPv6 is available.
2019-11-18 12:38:24 4888 [Note]   - '::' resolves to '::';
2019-11-18 12:38:24 4888 [Note] Server socket created on IP: '::'.
2019-11-18 12:39:24 1988 [Note] Plugin 'FEDERATED' is disabled.
2019-11-18 12:39:24 1988 [Note] InnoDB: The InnoDB memory heap is disabled
2019-11-18 12:39:24 1988 [Note] InnoDB: Mutexes and rw_locks use Windows interlocked functions
2019-11-18 12:39:24 1988 [Note] InnoDB: Compressed tables use zlib 1.2.3
2019-11-18 12:39:24 1988 [Note] InnoDB: Not using CPU crc32 instructions
2019-11-18 12:39:24 1988 [Note] InnoDB: Initializing buffer pool, size = 128.0M
2019-11-18 12:39:24 1988 [Note] InnoDB: Completed initialization of buffer pool
2019-11-18 12:39:24 1988 [ERROR] InnoDB: C:\Users\kbstudentint\Desktop\MirPHP\MIRMODX\MIRPHPRENAD\MIRPHPRENAD\mysql\data\ibdata1 can't be opened in read-write mode
2019-11-18 12:39:24 1988 [ERROR] InnoDB: The system tablespace must be writable!
2019-11-18 12:39:24 1988 [ERROR] Plugin 'InnoDB' init function returned error.
2019-11-18 12:39:24 1988 [ERROR] Plugin 'InnoDB' registration as a STORAGE ENGINE failed.
2019-11-18 12:39:24 1988 [ERROR] Unknown/unsupported storage engine: InnoDB
2019-11-18 12:39:24 1988 [ERROR] Aborting

2019-11-18 12:39:24 1988 [Note] Binlog end
2019-11-18 12:39:24 1988 [Note] Shutting down plugin 'partition'
2019-11-18 12:39:24 1988 [Note] Shutting down plugin 'PERFORMANCE_SCHEMA'
2019-11-18 12:39:24 1988 [Note] Shutting down plugin 'INNODB_SYS_DATAFILES'
2019-11-18 12:39:24 1988 [Note] Shutting down plugin 'INNODB_SYS_TABLESPACES'
2019-11-18 12:39:24 1988 [Note] Shutting down plugin 'INNODB_SYS_FOREIGN_COLS'
2019-11-18 12:39:24 1988 [Note] Shutting down plugin 'INNODB_SYS_FOREIGN'
2019-11-18 12:39:24 1988 [Note] Shutting down plugin 'INNODB_SYS_FIELDS'
2019-11-18 12:39:24 1988 [Note] Shutting down plugin 'INNODB_SYS_COLUMNS'
2019-11-18 12:39:24 1988 [Note] Shutting down plugin 'INNODB_SYS_INDEXES'
2019-11-18 12:39:24 1988 [Note] Shutting down plugin 'INNODB_SYS_TABLESTATS'
2019-11-18 12:39:24 1988 [Note] Shutting down plugin 'INNODB_SYS_TABLES'
2019-11-18 12:39:24 1988 [Note] Shutting down plugin 'INNODB_FT_INDEX_TABLE'
2019-11-18 12:39:24 1988 [Note] Shutting down plugin 'INNODB_FT_INDEX_CACHE'
2019-11-18 12:39:24 1988 [Note] Shutting down plugin 'INNODB_FT_CONFIG'
2019-11-18 12:39:24 1988 [Note] Shutting down plugin 'INNODB_FT_BEING_DELETED'
2019-11-18 12:39:24 1988 [Note] Shutting down plugin 'INNODB_FT_DELETED'
2019-11-18 12:39:24 1988 [Note] Shutting down plugin 'INNODB_FT_DEFAULT_STOPWORD'
2019-11-18 12:39:24 1988 [Note] Shutting down plugin 'INNODB_METRICS'
2019-11-18 12:39:24 1988 [Note] Shutting down plugin 'INNODB_BUFFER_POOL_STATS'
2019-11-18 12:39:24 1988 [Note] Shutting down plugin 'INNODB_BUFFER_PAGE_LRU'
2019-11-18 12:39:24 1988 [Note] Shutting down plugin 'INNODB_BUFFER_PAGE'
2019-11-18 12:39:24 1988 [Note] Shutting down plugin 'INNODB_CMP_PER_INDEX_RESET'
2019-11-18 12:39:24 1988 [Note] Shutting down plugin 'INNODB_CMP_PER_INDEX'
2019-11-18 12:39:24 1988 [Note] Shutting down plugin 'INNODB_CMPMEM_RESET'
2019-11-18 12:39:24 1988 [Note] Shutting down plugin 'INNODB_CMPMEM'
2019-11-18 12:39:24 1988 [Note] Shutting down plugin 'INNODB_CMP_RESET'
2019-11-18 12:39:24 1988 [Note] Shutting down plugin 'INNODB_CMP'
2019-11-18 12:39:24 1988 [Note] Shutting down plugin 'INNODB_LOCK_WAITS'
2019-11-18 12:39:24 1988 [Note] Shutting down plugin 'INNODB_LOCKS'
2019-11-18 12:39:24 1988 [Note] Shutting down plugin 'INNODB_TRX'
2019-11-18 12:39:24 1988 [Note] Shutting down plugin 'BLACKHOLE'
2019-11-18 12:39:24 1988 [Note] Shutting down plugin 'ARCHIVE'
2019-11-18 12:39:24 1988 [Note] Shutting down plugin 'MRG_MYISAM'
2019-11-18 12:39:24 1988 [Note] Shutting down plugin 'MyISAM'
2019-11-18 12:39:24 1988 [Note] Shutting down plugin 'MEMORY'
2019-11-18 12:39:24 1988 [Note] Shutting down plugin 'CSV'
2019-11-18 12:39:24 1988 [Note] Shutting down plugin 'sha256_password'
2019-11-18 12:39:24 1988 [Note] Shutting down plugin 'mysql_old_password'
2019-11-18 12:39:24 1988 [Note] Shutting down plugin 'mysql_native_password'
2019-11-18 12:39:24 1988 [Note] Shutting down plugin 'binlog'
2019-11-18 12:39:24 1988 [Note] C:\Users\kbstudentint\Desktop\MirPHP\MIRMODX\MIRPHPRENAD\MIRPHPRENAD/mysql/bin/mysqld_usbwv8.exe: Shutdown complete

2019-11-18 12:58:56 8532 [Note] Plugin 'FEDERATED' is disabled.
2019-11-18 12:58:57 8532 [Note] InnoDB: The InnoDB memory heap is disabled
2019-11-18 12:58:57 8532 [Note] InnoDB: Mutexes and rw_locks use Windows interlocked functions
2019-11-18 12:58:57 8532 [Note] InnoDB: Compressed tables use zlib 1.2.3
2019-11-18 12:58:57 8532 [Note] InnoDB: Not using CPU crc32 instructions
2019-11-18 12:58:57 8532 [Note] InnoDB: Initializing buffer pool, size = 128.0M
2019-11-18 12:58:57 8532 [Note] InnoDB: Completed initialization of buffer pool
2019-11-18 12:58:57 8532 [Note] InnoDB: Highest supported file format is Barracuda.
2019-11-18 12:58:57 8532 [Note] InnoDB: The log sequence numbers 1626134 and 1626134 in ibdata files do not match the log sequence number 1948305 in the ib_logfiles!
2019-11-18 12:58:57 8532 [Note] InnoDB: Database was not shutdown normally!
2019-11-18 12:58:57 8532 [Note] InnoDB: Starting crash recovery.
2019-11-18 12:58:57 8532 [Note] InnoDB: Reading tablespace information from the .ibd files...
2019-11-18 12:58:57 8532 [Note] InnoDB: Restoring possible half-written data pages 
2019-11-18 12:58:57 8532 [Note] InnoDB: from the doublewrite buffer...
2019-11-18 12:58:57 8532 [Note] InnoDB: 128 rollback segment(s) are active.
2019-11-18 12:58:57 8532 [Note] InnoDB: Waiting for purge to start
2019-11-18 12:58:57 8532 [Note] InnoDB: 5.6.13 started; log sequence number 1948305
2019-11-18 12:58:57 8532 [Note] Server hostname (bind-address): '*'; port: 3307
2019-11-18 12:58:57 8532 [Note] IPv6 is available.
2019-11-18 12:58:57 8532 [Note]   - '::' resolves to '::';
2019-11-18 12:58:57 8532 [Note] Server socket created on IP: '::'.
2019-11-18 13:01:10 8040 [Note] Plugin 'FEDERATED' is disabled.
2019-11-18 13:01:10 8040 [Note] InnoDB: The InnoDB memory heap is disabled
2019-11-18 13:01:10 8040 [Note] InnoDB: Mutexes and rw_locks use Windows interlocked functions
2019-11-18 13:01:10 8040 [Note] InnoDB: Compressed tables use zlib 1.2.3
2019-11-18 13:01:10 8040 [Note] InnoDB: Not using CPU crc32 instructions
2019-11-18 13:01:10 8040 [Note] InnoDB: Initializing buffer pool, size = 128.0M
2019-11-18 13:01:10 8040 [Note] InnoDB: Completed initialization of buffer pool
2019-11-18 13:01:10 8040 [Note] InnoDB: Highest supported file format is Barracuda.
2019-11-18 13:01:10 8040 [Note] InnoDB: The log sequence numbers 1626134 and 1626134 in ibdata files do not match the log sequence number 1948315 in the ib_logfiles!
2019-11-18 13:01:10 8040 [Note] InnoDB: Database was not shutdown normally!
2019-11-18 13:01:10 8040 [Note] InnoDB: Starting crash recovery.
2019-11-18 13:01:10 8040 [Note] InnoDB: Reading tablespace information from the .ibd files...
2019-11-18 13:01:10 8040 [Note] InnoDB: Restoring possible half-written data pages 
2019-11-18 13:01:10 8040 [Note] InnoDB: from the doublewrite buffer...
2019-11-18 13:01:11 8040 [Note] InnoDB: 128 rollback segment(s) are active.
2019-11-18 13:01:11 8040 [Note] InnoDB: Waiting for purge to start
2019-11-18 13:01:11 8040 [Note] InnoDB: 5.6.13 started; log sequence number 1948315
2019-11-18 13:01:11 8040 [Note] Server hostname (bind-address): '*'; port: 3307
2019-11-18 13:01:11 8040 [Note] IPv6 is available.
2019-11-18 13:01:11 8040 [Note]   - '::' resolves to '::';
2019-11-18 13:01:11 8040 [Note] Server socket created on IP: '::'.
2019-11-18 13:13:24 988 [Note] Plugin 'FEDERATED' is disabled.
2019-11-18 13:13:24 988 [Note] InnoDB: The InnoDB memory heap is disabled
2019-11-18 13:13:24 988 [Note] InnoDB: Mutexes and rw_locks use Windows interlocked functions
2019-11-18 13:13:24 988 [Note] InnoDB: Compressed tables use zlib 1.2.3
2019-11-18 13:13:24 988 [Note] InnoDB: Not using CPU crc32 instructions
2019-11-18 13:13:24 988 [Note] InnoDB: Initializing buffer pool, size = 128.0M
2019-11-18 13:13:24 988 [Note] InnoDB: Completed initialization of buffer pool
2019-11-18 13:13:24 988 [Note] InnoDB: Highest supported file format is Barracuda.
2019-11-18 13:13:24 988 [Note] InnoDB: The log sequence numbers 1626134 and 1626134 in ibdata files do not match the log sequence number 1948325 in the ib_logfiles!
2019-11-18 13:13:24 988 [Note] InnoDB: Database was not shutdown normally!
2019-11-18 13:13:24 988 [Note] InnoDB: Starting crash recovery.
2019-11-18 13:13:24 988 [Note] InnoDB: Reading tablespace information from the .ibd files...
2019-11-18 13:13:24 988 [Note] InnoDB: Restoring possible half-written data pages 
2019-11-18 13:13:24 988 [Note] InnoDB: from the doublewrite buffer...
2019-11-18 13:13:24 988 [Note] InnoDB: 128 rollback segment(s) are active.
2019-11-18 13:13:24 988 [Note] InnoDB: Waiting for purge to start
2019-11-18 13:13:24 988 [Note] InnoDB: 5.6.13 started; log sequence number 1948325
2019-11-18 13:13:24 988 [Note] Server hostname (bind-address): '*'; port: 3307
2019-11-18 13:13:24 988 [Note] IPv6 is available.
2019-11-18 13:13:24 988 [Note]   - '::' resolves to '::';
2019-11-18 13:13:24 988 [Note] Server socket created on IP: '::'.
2019-11-18 13:13:25 988 [Note] Event Scheduler: Loaded 0 events
2019-11-18 13:13:25 988 [Note] C:\Users\kbstudentint\Desktop\MirPHP\MIRMODX\MIRPHPRENAD\MIRPHPRENAD/mysql/bin/mysqld_usbwv8.exe: ready for connections.
Version: '5.6.13'  socket: ''  port: 3307  MySQL Community Server (GPL)
2019-11-18 13:29:59 3512 [Note] Plugin 'FEDERATED' is disabled.
2019-11-18 13:29:59 3512 [Note] InnoDB: The InnoDB memory heap is disabled
2019-11-18 13:29:59 3512 [Note] InnoDB: Mutexes and rw_locks use Windows interlocked functions
2019-11-18 13:29:59 3512 [Note] InnoDB: Compressed tables use zlib 1.2.3
2019-11-18 13:29:59 3512 [Note] InnoDB: Not using CPU crc32 instructions
2019-11-18 13:29:59 3512 [Note] InnoDB: Initializing buffer pool, size = 128.0M
2019-11-18 13:29:59 3512 [Note] InnoDB: Completed initialization of buffer pool
2019-11-18 13:29:59 3512 [Note] InnoDB: Highest supported file format is Barracuda.
2019-11-18 13:29:59 3512 [Note] InnoDB: The log sequence numbers 1626134 and 1626134 in ibdata files do not match the log sequence number 1948335 in the ib_logfiles!
2019-11-18 13:29:59 3512 [Note] InnoDB: Database was not shutdown normally!
2019-11-18 13:29:59 3512 [Note] InnoDB: Starting crash recovery.
2019-11-18 13:29:59 3512 [Note] InnoDB: Reading tablespace information from the .ibd files...
2019-11-18 13:29:59 3512 [Note] InnoDB: Restoring possible half-written data pages 
2019-11-18 13:29:59 3512 [Note] InnoDB: from the doublewrite buffer...
2019-11-18 13:30:00 3512 [Note] InnoDB: 128 rollback segment(s) are active.
2019-11-18 13:30:00 3512 [Note] InnoDB: Waiting for purge to start
2019-11-18 13:30:00 3512 [Note] InnoDB: 5.6.13 started; log sequence number 1948335
2019-11-18 13:30:00 3512 [Note] Server hostname (bind-address): '*'; port: 3307
2019-11-18 13:30:00 3512 [Note] IPv6 is available.
2019-11-18 13:30:00 3512 [Note]   - '::' resolves to '::';
2019-11-18 13:30:00 3512 [Note] Server socket created on IP: '::'.
2019-11-18 13:31:30 11536 [Note] Plugin 'FEDERATED' is disabled.
2019-11-18 13:31:30 11536 [Note] InnoDB: The InnoDB memory heap is disabled
2019-11-18 13:31:30 11536 [Note] InnoDB: Mutexes and rw_locks use Windows interlocked functions
2019-11-18 13:31:30 11536 [Note] InnoDB: Compressed tables use zlib 1.2.3
2019-11-18 13:31:30 11536 [Note] InnoDB: Not using CPU crc32 instructions
2019-11-18 13:31:30 11536 [Note] InnoDB: Initializing buffer pool, size = 128.0M
2019-11-18 13:31:30 11536 [Note] InnoDB: Completed initialization of buffer pool
2019-11-18 13:31:30 11536 [ERROR] InnoDB: C:\Users\kbstudentint\Desktop\MirPHP\MIRMODX\MIRPHPRENAD\MIRPHPRENAD\mysql\data\ibdata1 can't be opened in read-write mode
2019-11-18 13:31:30 11536 [ERROR] InnoDB: The system tablespace must be writable!
2019-11-18 13:31:30 11536 [ERROR] Plugin 'InnoDB' init function returned error.
2019-11-18 13:31:30 11536 [ERROR] Plugin 'InnoDB' registration as a STORAGE ENGINE failed.
2019-11-18 13:31:30 11536 [ERROR] Unknown/unsupported storage engine: InnoDB
2019-11-18 13:31:30 11536 [ERROR] Aborting

2019-11-18 13:31:30 11536 [Note] Binlog end
2019-11-18 13:31:30 11536 [Note] Shutting down plugin 'partition'
2019-11-18 13:31:30 11536 [Note] Shutting down plugin 'PERFORMANCE_SCHEMA'
2019-11-18 13:31:30 11536 [Note] Shutting down plugin 'INNODB_SYS_DATAFILES'
2019-11-18 13:31:30 11536 [Note] Shutting down plugin 'INNODB_SYS_TABLESPACES'
2019-11-18 13:31:30 11536 [Note] Shutting down plugin 'INNODB_SYS_FOREIGN_COLS'
2019-11-18 13:31:30 11536 [Note] Shutting down plugin 'INNODB_SYS_FOREIGN'
2019-11-18 13:31:30 11536 [Note] Shutting down plugin 'INNODB_SYS_FIELDS'
2019-11-18 13:31:30 11536 [Note] Shutting down plugin 'INNODB_SYS_COLUMNS'
2019-11-18 13:31:30 11536 [Note] Shutting down plugin 'INNODB_SYS_INDEXES'
2019-11-18 13:31:30 11536 [Note] Shutting down plugin 'INNODB_SYS_TABLESTATS'
2019-11-18 13:31:30 11536 [Note] Shutting down plugin 'INNODB_SYS_TABLES'
2019-11-18 13:31:30 11536 [Note] Shutting down plugin 'INNODB_FT_INDEX_TABLE'
2019-11-18 13:31:30 11536 [Note] Shutting down plugin 'INNODB_FT_INDEX_CACHE'
2019-11-18 13:31:30 11536 [Note] Shutting down plugin 'INNODB_FT_CONFIG'
2019-11-18 13:31:30 11536 [Note] Shutting down plugin 'INNODB_FT_BEING_DELETED'
2019-11-18 13:31:30 11536 [Note] Shutting down plugin 'INNODB_FT_DELETED'
2019-11-18 13:31:30 11536 [Note] Shutting down plugin 'INNODB_FT_DEFAULT_STOPWORD'
2019-11-18 13:31:30 11536 [Note] Shutting down plugin 'INNODB_METRICS'
2019-11-18 13:31:30 11536 [Note] Shutting down plugin 'INNODB_BUFFER_POOL_STATS'
2019-11-18 13:31:30 11536 [Note] Shutting down plugin 'INNODB_BUFFER_PAGE_LRU'
2019-11-18 13:31:30 11536 [Note] Shutting down plugin 'INNODB_BUFFER_PAGE'
2019-11-18 13:31:30 11536 [Note] Shutting down plugin 'INNODB_CMP_PER_INDEX_RESET'
2019-11-18 13:31:30 11536 [Note] Shutting down plugin 'INNODB_CMP_PER_INDEX'
2019-11-18 13:31:30 11536 [Note] Shutting down plugin 'INNODB_CMPMEM_RESET'
2019-11-18 13:31:30 11536 [Note] Shutting down plugin 'INNODB_CMPMEM'
2019-11-18 13:31:30 11536 [Note] Shutting down plugin 'INNODB_CMP_RESET'
2019-11-18 13:31:30 11536 [Note] Shutting down plugin 'INNODB_CMP'
2019-11-18 13:31:30 11536 [Note] Shutting down plugin 'INNODB_LOCK_WAITS'
2019-11-18 13:31:30 11536 [Note] Shutting down plugin 'INNODB_LOCKS'
2019-11-18 13:31:30 11536 [Note] Shutting down plugin 'INNODB_TRX'
2019-11-18 13:31:30 11536 [Note] Shutting down plugin 'BLACKHOLE'
2019-11-18 13:31:30 11536 [Note] Shutting down plugin 'ARCHIVE'
2019-11-18 13:31:30 11536 [Note] Shutting down plugin 'MRG_MYISAM'
2019-11-18 13:31:30 11536 [Note] Shutting down plugin 'MyISAM'
2019-11-18 13:31:30 11536 [Note] Shutting down plugin 'MEMORY'
2019-11-18 13:31:30 11536 [Note] Shutting down plugin 'CSV'
2019-11-18 13:31:30 11536 [Note] Shutting down plugin 'sha256_password'
2019-11-18 13:31:30 11536 [Note] Shutting down plugin 'mysql_old_password'
2019-11-18 13:31:30 11536 [Note] Shutting down plugin 'mysql_native_password'
2019-11-18 13:31:30 11536 [Note] Shutting down plugin 'binlog'
2019-11-18 13:31:30 11536 [Note] C:\Users\kbstudentint\Desktop\MirPHP\MIRMODX\MIRPHPRENAD\MIRPHPRENAD/mysql/bin/mysqld_usbwv8.exe: Shutdown complete

2019-11-18 13:32:07 5496 [Note] Plugin 'FEDERATED' is disabled.
2019-11-18 13:32:07 5496 [Note] InnoDB: The InnoDB memory heap is disabled
2019-11-18 13:32:07 5496 [Note] InnoDB: Mutexes and rw_locks use Windows interlocked functions
2019-11-18 13:32:07 5496 [Note] InnoDB: Compressed tables use zlib 1.2.3
2019-11-18 13:32:07 5496 [Note] InnoDB: Not using CPU crc32 instructions
2019-11-18 13:32:07 5496 [Note] InnoDB: Initializing buffer pool, size = 128.0M
2019-11-18 13:32:07 5496 [Note] InnoDB: Completed initialization of buffer pool
2019-11-18 13:32:07 5496 [Note] InnoDB: Highest supported file format is Barracuda.
2019-11-18 13:32:07 5496 [Note] InnoDB: The log sequence numbers 1626134 and 1626134 in ibdata files do not match the log sequence number 1948345 in the ib_logfiles!
2019-11-18 13:32:07 5496 [Note] InnoDB: Database was not shutdown normally!
2019-11-18 13:32:07 5496 [Note] InnoDB: Starting crash recovery.
2019-11-18 13:32:07 5496 [Note] InnoDB: Reading tablespace information from the .ibd files...
2019-11-18 13:32:07 5496 [Note] InnoDB: Restoring possible half-written data pages 
2019-11-18 13:32:07 5496 [Note] InnoDB: from the doublewrite buffer...
2019-11-18 13:32:07 5496 [Note] InnoDB: 128 rollback segment(s) are active.
2019-11-18 13:32:07 5496 [Note] InnoDB: Waiting for purge to start
2019-11-18 13:32:08 5496 [Note] InnoDB: 5.6.13 started; log sequence number 1948345
2019-11-18 13:32:08 5496 [Note] Server hostname (bind-address): '*'; port: 3307
2019-11-18 13:32:08 5496 [Note] IPv6 is available.
2019-11-18 13:32:08 5496 [Note]   - '::' resolves to '::';
2019-11-18 13:32:08 5496 [Note] Server socket created on IP: '::'.
2019-11-18 13:33:55 10092 [Note] Plugin 'FEDERATED' is disabled.
2019-11-18 13:33:55 10092 [Note] InnoDB: The InnoDB memory heap is disabled
2019-11-18 13:33:55 10092 [Note] InnoDB: Mutexes and rw_locks use Windows interlocked functions
2019-11-18 13:33:55 10092 [Note] InnoDB: Compressed tables use zlib 1.2.3
2019-11-18 13:33:55 10092 [Note] InnoDB: Not using CPU crc32 instructions
2019-11-18 13:33:55 10092 [Note] InnoDB: Initializing buffer pool, size = 128.0M
2019-11-18 13:33:55 10092 [Note] InnoDB: Completed initialization of buffer pool
2019-11-18 13:33:55 10092 [Note] InnoDB: Highest supported file format is Barracuda.
2019-11-18 13:33:55 10092 [Note] InnoDB: The log sequence numbers 1626134 and 1626134 in ibdata files do not match the log sequence number 1948355 in the ib_logfiles!
2019-11-18 13:33:55 10092 [Note] InnoDB: Database was not shutdown normally!
2019-11-18 13:33:55 10092 [Note] InnoDB: Starting crash recovery.
2019-11-18 13:33:55 10092 [Note] InnoDB: Reading tablespace information from the .ibd files...
2019-11-18 13:33:55 10092 [Note] InnoDB: Restoring possible half-written data pages 
2019-11-18 13:33:55 10092 [Note] InnoDB: from the doublewrite buffer...
2019-11-18 13:33:56 10092 [Note] InnoDB: 128 rollback segment(s) are active.
2019-11-18 13:33:56 10092 [Note] InnoDB: Waiting for purge to start
2019-11-18 13:33:56 10092 [Note] InnoDB: 5.6.13 started; log sequence number 1948355
2019-11-18 13:33:56 10092 [Note] Server hostname (bind-address): '*'; port: 3307
2019-11-18 13:33:56 10092 [Note] IPv6 is available.
2019-11-18 13:33:56 10092 [Note]   - '::' resolves to '::';
2019-11-18 13:33:56 10092 [Note] Server socket created on IP: '::'.
2019-11-18 13:42:32 10996 [Note] Plugin 'FEDERATED' is disabled.
2019-11-18 13:42:32 10996 [Note] InnoDB: The InnoDB memory heap is disabled
2019-11-18 13:42:32 10996 [Note] InnoDB: Mutexes and rw_locks use Windows interlocked functions
2019-11-18 13:42:32 10996 [Note] InnoDB: Compressed tables use zlib 1.2.3
2019-11-18 13:42:32 10996 [Note] InnoDB: Not using CPU crc32 instructions
2019-11-18 13:42:32 10996 [Note] InnoDB: Initializing buffer pool, size = 128.0M
2019-11-18 13:42:32 10996 [Note] InnoDB: Completed initialization of buffer pool
2019-11-18 13:42:32 10996 [Note] InnoDB: Highest supported file format is Barracuda.
2019-11-18 13:42:32 10996 [Note] InnoDB: The log sequence numbers 1626134 and 1626134 in ibdata files do not match the log sequence number 1948365 in the ib_logfiles!
2019-11-18 13:42:32 10996 [Note] InnoDB: Database was not shutdown normally!
2019-11-18 13:42:32 10996 [Note] InnoDB: Starting crash recovery.
2019-11-18 13:42:32 10996 [Note] InnoDB: Reading tablespace information from the .ibd files...
2019-11-18 13:42:32 10996 [Note] InnoDB: Restoring possible half-written data pages 
2019-11-18 13:42:32 10996 [Note] InnoDB: from the doublewrite buffer...
2019-11-18 13:42:32 10996 [Note] InnoDB: 128 rollback segment(s) are active.
2019-11-18 13:42:32 10996 [Note] InnoDB: Waiting for purge to start
2019-11-18 13:42:32 10996 [Note] InnoDB: 5.6.13 started; log sequence number 1948365
2019-11-18 13:42:32 10996 [Note] Server hostname (bind-address): '*'; port: 3307
2019-11-18 13:42:32 10996 [Note] IPv6 is available.
2019-11-18 13:42:32 10996 [Note]   - '::' resolves to '::';
2019-11-18 13:42:32 10996 [Note] Server socket created on IP: '::'.
